<?xml version="1.0" encoding="UTF-8"?>
<testrun name="Library_Tests" project="RSE" tests="12" started="12" failures="0" errors="3" ignored="0">
  <testsuite name="at.chainlet.rse.core.Library_Tests" time="0.001">
    <testcase name="prioritizeShouldCreateDictOnNotExistingNamesInNotEmptyDict" classname="at.chainlet.rse.core.Library_Tests" time="0.0"/>
    <testcase name="prioritizeShouldCreateDictOnNotExistingNamesInEmptyDict" classname="at.chainlet.rse.core.Library_Tests" time="0.0"/>
    <testcase name="prioritizeShouldPrioritizeExistingDict" classname="at.chainlet.rse.core.Library_Tests" time="0.0"/>
    <testcase name="addShouldTrowIllegalArgumentExceptionOnNullValue" classname="at.chainlet.rse.core.Library_Tests" time="0.0"/>
    <testcase name="createDictionaryShouldThrowIllegalArgumentExceptionOnEmptyName" classname="at.chainlet.rse.core.Library_Tests" time="0.0"/>
    <testcase name="createDictionaryShouldThrowIllegalArgumentExceptionOnNullValue" classname="at.chainlet.rse.core.Library_Tests" time="0.0"/>
    <testcase name="getWorkingDictionaryShouldReturnNullInEmptyLibrary" classname="at.chainlet.rse.core.Library_Tests" time="0.0"/>
    <testcase name="getWorkingDictionaryShouldReturnLatestDict" classname="at.chainlet.rse.core.Library_Tests" time="0.0"/>
    <testcase name="wordExistsShouldReturnFalseOnNotExistingWord" classname="at.chainlet.rse.core.Library_Tests" time="0.0">
      <error>java.lang.Error: Unresolved compilation problem: 
	The method wordExists(String) is undefined for the type Library

	at at.chainlet.rse.core.Library_Tests.wordExistsShouldReturnFalseOnNotExistingWord(Library_Tests.java:84)
	at sun.reflect.NativeMethodAccessorImpl.invoke0(Native Method)
	at sun.reflect.NativeMethodAccessorImpl.invoke(Unknown Source)
	at sun.reflect.DelegatingMethodAccessorImpl.invoke(Unknown Source)
	at java.lang.reflect.Method.invoke(Unknown Source)
	at org.junit.runners.model.FrameworkMethod$1.runReflectiveCall(FrameworkMethod.java:44)
	at org.junit.internal.runners.model.ReflectiveCallable.run(ReflectiveCallable.java:15)
	at org.junit.runners.model.FrameworkMethod.invokeExplosively(FrameworkMethod.java:41)
	at org.junit.internal.runners.statements.InvokeMethod.evaluate(InvokeMethod.java:20)
	at org.junit.runners.BlockJUnit4ClassRunner.runChild(BlockJUnit4ClassRunner.java:76)
	at org.junit.runners.BlockJUnit4ClassRunner.runChild(BlockJUnit4ClassRunner.java:50)
	at org.junit.runners.ParentRunner$3.run(ParentRunner.java:193)
	at org.junit.runners.ParentRunner$1.schedule(ParentRunner.java:52)
	at org.junit.runners.ParentRunner.runChildren(ParentRunner.java:191)
	at org.junit.runners.ParentRunner.access$000(ParentRunner.java:42)
	at org.junit.runners.ParentRunner$2.evaluate(ParentRunner.java:184)
	at org.junit.runners.ParentRunner.run(ParentRunner.java:236)
	at org.eclipse.jdt.internal.junit4.runner.JUnit4TestReference.run(JUnit4TestReference.java:49)
	at org.eclipse.jdt.internal.junit.runner.TestExecution.run(TestExecution.java:38)
	at org.eclipse.jdt.internal.junit.runner.RemoteTestRunner.runTests(RemoteTestRunner.java:467)
	at org.eclipse.jdt.internal.junit.runner.RemoteTestRunner.runTests(RemoteTestRunner.java:683)
	at org.eclipse.jdt.internal.junit.runner.RemoteTestRunner.run(RemoteTestRunner.java:390)
	at org.eclipse.jdt.internal.junit.runner.RemoteTestRunner.main(RemoteTestRunner.java:197)

</error>
    </testcase>
    <testcase name="wordExistsShouldReturnTrueOnExistingWordAndOnlyTheNameAsParameter" classname="at.chainlet.rse.core.Library_Tests" time="0.0">
      <error>java.lang.Error: Unresolved compilation problem: 
	The method wordExists(String) is undefined for the type Library

	at at.chainlet.rse.core.Library_Tests.wordExistsShouldReturnTrueOnExistingWordAndOnlyTheNameAsParameter(Library_Tests.java:104)
	at sun.reflect.NativeMethodAccessorImpl.invoke0(Native Method)
	at sun.reflect.NativeMethodAccessorImpl.invoke(Unknown Source)
	at sun.reflect.DelegatingMethodAccessorImpl.invoke(Unknown Source)
	at java.lang.reflect.Method.invoke(Unknown Source)
	at org.junit.runners.model.FrameworkMethod$1.runReflectiveCall(FrameworkMethod.java:44)
	at org.junit.internal.runners.model.ReflectiveCallable.run(ReflectiveCallable.java:15)
	at org.junit.runners.model.FrameworkMethod.invokeExplosively(FrameworkMethod.java:41)
	at org.junit.internal.runners.statements.InvokeMethod.evaluate(InvokeMethod.java:20)
	at org.junit.runners.BlockJUnit4ClassRunner.runChild(BlockJUnit4ClassRunner.java:76)
	at org.junit.runners.BlockJUnit4ClassRunner.runChild(BlockJUnit4ClassRunner.java:50)
	at org.junit.runners.ParentRunner$3.run(ParentRunner.java:193)
	at org.junit.runners.ParentRunner$1.schedule(ParentRunner.java:52)
	at org.junit.runners.ParentRunner.runChildren(ParentRunner.java:191)
	at org.junit.runners.ParentRunner.access$000(ParentRunner.java:42)
	at org.junit.runners.ParentRunner$2.evaluate(ParentRunner.java:184)
	at org.junit.runners.ParentRunner.run(ParentRunner.java:236)
	at org.eclipse.jdt.internal.junit4.runner.JUnit4TestReference.run(JUnit4TestReference.java:49)
	at org.eclipse.jdt.internal.junit.runner.TestExecution.run(TestExecution.java:38)
	at org.eclipse.jdt.internal.junit.runner.RemoteTestRunner.runTests(RemoteTestRunner.java:467)
	at org.eclipse.jdt.internal.junit.runner.RemoteTestRunner.runTests(RemoteTestRunner.java:683)
	at org.eclipse.jdt.internal.junit.runner.RemoteTestRunner.run(RemoteTestRunner.java:390)
	at org.eclipse.jdt.internal.junit.runner.RemoteTestRunner.main(RemoteTestRunner.java:197)

</error>
    </testcase>
    <testcase name="wordExistsShouldReturnTrueOnExistingWordWithNamespaceAndNameAsParameter" classname="at.chainlet.rse.core.Library_Tests" time="0.0">
      <error>java.lang.Error: Unresolved compilation problem: 
	The method wordExists(String) is undefined for the type Library

	at at.chainlet.rse.core.Library_Tests.wordExistsShouldReturnTrueOnExistingWordWithNamespaceAndNameAsParameter(Library_Tests.java:124)
	at sun.reflect.NativeMethodAccessorImpl.invoke0(Native Method)
	at sun.reflect.NativeMethodAccessorImpl.invoke(Unknown Source)
	at sun.reflect.DelegatingMethodAccessorImpl.invoke(Unknown Source)
	at java.lang.reflect.Method.invoke(Unknown Source)
	at org.junit.runners.model.FrameworkMethod$1.runReflectiveCall(FrameworkMethod.java:44)
	at org.junit.internal.runners.model.ReflectiveCallable.run(ReflectiveCallable.java:15)
	at org.junit.runners.model.FrameworkMethod.invokeExplosively(FrameworkMethod.java:41)
	at org.junit.internal.runners.statements.InvokeMethod.evaluate(InvokeMethod.java:20)
	at org.junit.runners.BlockJUnit4ClassRunner.runChild(BlockJUnit4ClassRunner.java:76)
	at org.junit.runners.BlockJUnit4ClassRunner.runChild(BlockJUnit4ClassRunner.java:50)
	at org.junit.runners.ParentRunner$3.run(ParentRunner.java:193)
	at org.junit.runners.ParentRunner$1.schedule(ParentRunner.java:52)
	at org.junit.runners.ParentRunner.runChildren(ParentRunner.java:191)
	at org.junit.runners.ParentRunner.access$000(ParentRunner.java:42)
	at org.junit.runners.ParentRunner$2.evaluate(ParentRunner.java:184)
	at org.junit.runners.ParentRunner.run(ParentRunner.java:236)
	at org.eclipse.jdt.internal.junit4.runner.JUnit4TestReference.run(JUnit4TestReference.java:49)
	at org.eclipse.jdt.internal.junit.runner.TestExecution.run(TestExecution.java:38)
	at org.eclipse.jdt.internal.junit.runner.RemoteTestRunner.runTests(RemoteTestRunner.java:467)
	at org.eclipse.jdt.internal.junit.runner.RemoteTestRunner.runTests(RemoteTestRunner.java:683)
	at org.eclipse.jdt.internal.junit.runner.RemoteTestRunner.run(RemoteTestRunner.java:390)
	at org.eclipse.jdt.internal.junit.runner.RemoteTestRunner.main(RemoteTestRunner.java:197)

</error>
    </testcase>
    <testcase name="getWordShouldReturnLatestWordWithName" classname="at.chainlet.rse.core.Library_Tests" time="0.0"/>
  </testsuite>
</testrun>
