<?xml version="1.0" encoding="UTF-8"?>
<testrun name="Dictionary_Tests" project="RSE" tests="13" started="13" failures="0" errors="3" ignored="0">
  <testsuite name="at.chainlet.rse.core.Dictionary_Tests" time="0.0">
    <testcase name="addNullWordShouldThrowIllegalArgumentException" classname="at.chainlet.rse.core.Dictionary_Tests" time="0.0"/>
    <testcase name="addNamelesWordShouldThrowRSEInvalidStateException" classname="at.chainlet.rse.core.Dictionary_Tests" time="0.0"/>
    <testcase name="containsShouldReturnTrueIfWordExists" classname="at.chainlet.rse.core.Dictionary_Tests" time="0.0"/>
    <testcase name="containsShouldReturnFalseIfWordDoesntExist1" classname="at.chainlet.rse.core.Dictionary_Tests" time="0.0"/>
    <testcase name="containsShouldReturnFalseIfWordDoesntExist2" classname="at.chainlet.rse.core.Dictionary_Tests" time="0.0"/>
    <testcase name="containsShouldThrowIllegalArgumentException" classname="at.chainlet.rse.core.Dictionary_Tests" time="0.0"/>
    <testcase name="containsShouldThrowRSEInvalidStateExceptionOnEmptyName" classname="at.chainlet.rse.core.Dictionary_Tests" time="0.0"/>
    <testcase name="getShouldReturnNullOnUnknownName" classname="at.chainlet.rse.core.Dictionary_Tests" time="0.0"/>
    <testcase name="getShouldReturnTheWordWithTheGivenName" classname="at.chainlet.rse.core.Dictionary_Tests" time="0.0"/>
    <testcase name="getShouldReturnTheLatestWord" classname="at.chainlet.rse.core.Dictionary_Tests" time="0.0"/>
    <testcase name="setOlderVersionOfTwiceShouldReturnTheThirdLatestVersion" classname="at.chainlet.rse.core.Dictionary_Tests" time="0.0">
      <error>java.lang.Error: Unresolved compilation problems: 
	The method setOlderVersionOf(String) is undefined for the type Dictionary
	The method setOlderVersionOf(String) is undefined for the type Dictionary

	at at.chainlet.rse.core.Dictionary_Tests.setOlderVersionOfTwiceShouldReturnTheThirdLatestVersion(Dictionary_Tests.java:99)
	at sun.reflect.NativeMethodAccessorImpl.invoke0(Native Method)
	at sun.reflect.NativeMethodAccessorImpl.invoke(Unknown Source)
	at sun.reflect.DelegatingMethodAccessorImpl.invoke(Unknown Source)
	at java.lang.reflect.Method.invoke(Unknown Source)
	at org.junit.runners.model.FrameworkMethod$1.runReflectiveCall(FrameworkMethod.java:44)
	at org.junit.internal.runners.model.ReflectiveCallable.run(ReflectiveCallable.java:15)
	at org.junit.runners.model.FrameworkMethod.invokeExplosively(FrameworkMethod.java:41)
	at org.junit.internal.runners.statements.InvokeMethod.evaluate(InvokeMethod.java:20)
	at org.junit.runners.BlockJUnit4ClassRunner.runChild(BlockJUnit4ClassRunner.java:76)
	at org.junit.runners.BlockJUnit4ClassRunner.runChild(BlockJUnit4ClassRunner.java:50)
	at org.junit.runners.ParentRunner$3.run(ParentRunner.java:193)
	at org.junit.runners.ParentRunner$1.schedule(ParentRunner.java:52)
	at org.junit.runners.ParentRunner.runChildren(ParentRunner.java:191)
	at org.junit.runners.ParentRunner.access$000(ParentRunner.java:42)
	at org.junit.runners.ParentRunner$2.evaluate(ParentRunner.java:184)
	at org.junit.runners.ParentRunner.run(ParentRunner.java:236)
	at org.eclipse.jdt.internal.junit4.runner.JUnit4TestReference.run(JUnit4TestReference.java:49)
	at org.eclipse.jdt.internal.junit.runner.TestExecution.run(TestExecution.java:38)
	at org.eclipse.jdt.internal.junit.runner.RemoteTestRunner.runTests(RemoteTestRunner.java:467)
	at org.eclipse.jdt.internal.junit.runner.RemoteTestRunner.runTests(RemoteTestRunner.java:683)
	at org.eclipse.jdt.internal.junit.runner.RemoteTestRunner.run(RemoteTestRunner.java:390)
	at org.eclipse.jdt.internal.junit.runner.RemoteTestRunner.main(RemoteTestRunner.java:197)

</error>
    </testcase>
    <testcase name="setOlderVersionShouldReturnFalseIfThereNotThatManyOldVersions" classname="at.chainlet.rse.core.Dictionary_Tests" time="0.0">
      <error>java.lang.Error: Unresolved compilation problems: 
	The method setOlderVersionOf(String) is undefined for the type Dictionary
	The method setOlderVersionOf(String) is undefined for the type Dictionary
	The method setOlderVersionOf(String) is undefined for the type Dictionary

	at at.chainlet.rse.core.Dictionary_Tests.setOlderVersionShouldReturnFalseIfThereNotThatManyOldVersions(Dictionary_Tests.java:115)
	at sun.reflect.NativeMethodAccessorImpl.invoke0(Native Method)
	at sun.reflect.NativeMethodAccessorImpl.invoke(Unknown Source)
	at sun.reflect.DelegatingMethodAccessorImpl.invoke(Unknown Source)
	at java.lang.reflect.Method.invoke(Unknown Source)
	at org.junit.runners.model.FrameworkMethod$1.runReflectiveCall(FrameworkMethod.java:44)
	at org.junit.internal.runners.model.ReflectiveCallable.run(ReflectiveCallable.java:15)
	at org.junit.runners.model.FrameworkMethod.invokeExplosively(FrameworkMethod.java:41)
	at org.junit.internal.runners.statements.InvokeMethod.evaluate(InvokeMethod.java:20)
	at org.junit.runners.BlockJUnit4ClassRunner.runChild(BlockJUnit4ClassRunner.java:76)
	at org.junit.runners.BlockJUnit4ClassRunner.runChild(BlockJUnit4ClassRunner.java:50)
	at org.junit.runners.ParentRunner$3.run(ParentRunner.java:193)
	at org.junit.runners.ParentRunner$1.schedule(ParentRunner.java:52)
	at org.junit.runners.ParentRunner.runChildren(ParentRunner.java:191)
	at org.junit.runners.ParentRunner.access$000(ParentRunner.java:42)
	at org.junit.runners.ParentRunner$2.evaluate(ParentRunner.java:184)
	at org.junit.runners.ParentRunner.run(ParentRunner.java:236)
	at org.eclipse.jdt.internal.junit4.runner.JUnit4TestReference.run(JUnit4TestReference.java:49)
	at org.eclipse.jdt.internal.junit.runner.TestExecution.run(TestExecution.java:38)
	at org.eclipse.jdt.internal.junit.runner.RemoteTestRunner.runTests(RemoteTestRunner.java:467)
	at org.eclipse.jdt.internal.junit.runner.RemoteTestRunner.runTests(RemoteTestRunner.java:683)
	at org.eclipse.jdt.internal.junit.runner.RemoteTestRunner.run(RemoteTestRunner.java:390)
	at org.eclipse.jdt.internal.junit.runner.RemoteTestRunner.main(RemoteTestRunner.java:197)

</error>
    </testcase>
    <testcase name="setOlderVersionShouldReturnTrueIfItWorked" classname="at.chainlet.rse.core.Dictionary_Tests" time="0.0">
      <error>java.lang.Error: Unresolved compilation problems: 
	The method setOlderVersionOf(String) is undefined for the type Dictionary
	The method setOlderVersionOf(String) is undefined for the type Dictionary

	at at.chainlet.rse.core.Dictionary_Tests.setOlderVersionShouldReturnTrueIfItWorked(Dictionary_Tests.java:131)
	at sun.reflect.NativeMethodAccessorImpl.invoke0(Native Method)
	at sun.reflect.NativeMethodAccessorImpl.invoke(Unknown Source)
	at sun.reflect.DelegatingMethodAccessorImpl.invoke(Unknown Source)
	at java.lang.reflect.Method.invoke(Unknown Source)
	at org.junit.runners.model.FrameworkMethod$1.runReflectiveCall(FrameworkMethod.java:44)
	at org.junit.internal.runners.model.ReflectiveCallable.run(ReflectiveCallable.java:15)
	at org.junit.runners.model.FrameworkMethod.invokeExplosively(FrameworkMethod.java:41)
	at org.junit.internal.runners.statements.InvokeMethod.evaluate(InvokeMethod.java:20)
	at org.junit.runners.BlockJUnit4ClassRunner.runChild(BlockJUnit4ClassRunner.java:76)
	at org.junit.runners.BlockJUnit4ClassRunner.runChild(BlockJUnit4ClassRunner.java:50)
	at org.junit.runners.ParentRunner$3.run(ParentRunner.java:193)
	at org.junit.runners.ParentRunner$1.schedule(ParentRunner.java:52)
	at org.junit.runners.ParentRunner.runChildren(ParentRunner.java:191)
	at org.junit.runners.ParentRunner.access$000(ParentRunner.java:42)
	at org.junit.runners.ParentRunner$2.evaluate(ParentRunner.java:184)
	at org.junit.runners.ParentRunner.run(ParentRunner.java:236)
	at org.eclipse.jdt.internal.junit4.runner.JUnit4TestReference.run(JUnit4TestReference.java:49)
	at org.eclipse.jdt.internal.junit.runner.TestExecution.run(TestExecution.java:38)
	at org.eclipse.jdt.internal.junit.runner.RemoteTestRunner.runTests(RemoteTestRunner.java:467)
	at org.eclipse.jdt.internal.junit.runner.RemoteTestRunner.runTests(RemoteTestRunner.java:683)
	at org.eclipse.jdt.internal.junit.runner.RemoteTestRunner.run(RemoteTestRunner.java:390)
	at org.eclipse.jdt.internal.junit.runner.RemoteTestRunner.main(RemoteTestRunner.java:197)

</error>
    </testcase>
  </testsuite>
</testrun>
