<?xml version="1.0" encoding="UTF-8"?>
<testrun name="tests" project="RSE" tests="50" started="50" failures="2" errors="4" ignored="0">
  <testsuite name="at.chainlet.rse.core.JournalingWordList_Test" time="0.013">
    <testcase name="emptyListShouldReturnFalseOnHasOlderVersions" classname="at.chainlet.rse.core.JournalingWordList_Test" time="0.0"/>
    <testcase name="emptyListShouldReturnFalseOnHasNewerVersions" classname="at.chainlet.rse.core.JournalingWordList_Test" time="0.0"/>
    <testcase name="notEmptyListShouldReturnTrueOnHasOlderVersions" classname="at.chainlet.rse.core.JournalingWordList_Test" time="0.002"/>
    <testcase name="getCurrentVersionShouldReturnSecondVersion" classname="at.chainlet.rse.core.JournalingWordList_Test" time="0.0"/>
    <testcase name="getCurrentVersionShouldReturnFirstVersion" classname="at.chainlet.rse.core.JournalingWordList_Test" time="0.0"/>
    <testcase name="goBackInJournalShouldReturnFalseInEmptyWordList" classname="at.chainlet.rse.core.JournalingWordList_Test" time="0.001"/>
    <testcase name="goBackInJournalShouldReturnFalseInNewWordList" classname="at.chainlet.rse.core.JournalingWordList_Test" time="0.001"/>
    <testcase name="goForthInJournalShouldReturnFalseIfTheCurrentIsTheLatest" classname="at.chainlet.rse.core.JournalingWordList_Test" time="0.002"/>
    <testcase name="goForthInJournalInEmptyWordListShouldReturnFalse" classname="at.chainlet.rse.core.JournalingWordList_Test" time="0.0"/>
    <testcase name="goForthInJournalShouldReturnLatestAfterGoBackOnce" classname="at.chainlet.rse.core.JournalingWordList_Test" time="0.001"/>
    <testcase name="currentShouldReturnLatestEntryAfterRemovingEntries" classname="at.chainlet.rse.core.JournalingWordList_Test" time="0.0"/>
    <testcase name="currentShouldReturnFirstIfItsCalledToManyTimes" classname="at.chainlet.rse.core.JournalingWordList_Test" time="0.006"/>
  </testsuite>
  <testsuite name="at.chainlet.rse.core.Library_Tests" time="0.046">
    <testcase name="prioritizeShouldCreateDictOnNotExistingNamesInNotEmptyDict" classname="at.chainlet.rse.core.Library_Tests" time="0.0"/>
    <testcase name="prioritizeShouldCreateDictOnNotExistingNamesInEmptyDict" classname="at.chainlet.rse.core.Library_Tests" time="0.001"/>
    <testcase name="prioritizeShouldPrioritizeExistingDict" classname="at.chainlet.rse.core.Library_Tests" time="0.0"/>
    <testcase name="addShouldTrowIllegalArgumentExceptionOnNullValue" classname="at.chainlet.rse.core.Library_Tests" time="0.0"/>
    <testcase name="createDictionaryShouldThrowIllegalArgumentExceptionOnEmptyName" classname="at.chainlet.rse.core.Library_Tests" time="0.001"/>
    <testcase name="createDictionaryShouldThrowIllegalArgumentExceptionOnNullValue" classname="at.chainlet.rse.core.Library_Tests" time="0.0"/>
    <testcase name="getWorkingDictionaryShouldReturnNullInEmptyLibrary" classname="at.chainlet.rse.core.Library_Tests" time="0.0"/>
    <testcase name="getWorkingDictionaryShouldReturnLatestDict" classname="at.chainlet.rse.core.Library_Tests" time="0.0"/>
    <testcase name="wordExistsShouldReturnFalseOnNotExistingWord" classname="at.chainlet.rse.core.Library_Tests" time="0.001"/>
    <testcase name="wordExistsShouldReturnTrueOnExistingWordAndOnlyTheNameAsParameter" classname="at.chainlet.rse.core.Library_Tests" time="0.01"/>
    <testcase name="wordExistsShouldReturnTrueOnExistingWordWithNamespaceAndNameAsParameter" classname="at.chainlet.rse.core.Library_Tests" time="0.004"/>
    <testcase name="getWordShouldReturnLatestWordWithName" classname="at.chainlet.rse.core.Library_Tests" time="0.002"/>
    <testcase name="getWordShouldReturnWordFromTheChoosenDictionary" classname="at.chainlet.rse.core.Library_Tests" time="0.004"/>
    <testcase name="getWordShouldReturnNullForNotExistingName" classname="at.chainlet.rse.core.Library_Tests" time="0.014"/>
    <testcase name="getWordShouldReturnNullForNotExistingNameInGivenNamespaceWordName" classname="at.chainlet.rse.core.Library_Tests" time="0.009"/>
  </testsuite>
  <testsuite name="at.chainlet.rse.core.utils.StringSplitter_Test" time="0.021">
    <testcase name="split_ShouldReturnEmptyArrayOnNull" classname="at.chainlet.rse.core.utils.StringSplitter_Test" time="0.019">
      <error>java.lang.NullPointerException
	at org.hamcrest.core.IsNot.matches(IsNot.java:23)
	at org.hamcrest.core.Is.matches(Is.java:26)
	at org.junit.Assert.assertThat(Assert.java:770)
	at org.junit.Assert.assertThat(Assert.java:736)
	at at.chainlet.rse.core.utils.StringSplitter_Test.split_ShouldReturnEmptyArrayOnNull(StringSplitter_Test.java:29)
	at sun.reflect.NativeMethodAccessorImpl.invoke0(Native Method)
	at sun.reflect.NativeMethodAccessorImpl.invoke(Unknown Source)
	at sun.reflect.DelegatingMethodAccessorImpl.invoke(Unknown Source)
	at java.lang.reflect.Method.invoke(Unknown Source)
	at org.junit.runners.model.FrameworkMethod$1.runReflectiveCall(FrameworkMethod.java:44)
	at org.junit.internal.runners.model.ReflectiveCallable.run(ReflectiveCallable.java:15)
	at org.junit.runners.model.FrameworkMethod.invokeExplosively(FrameworkMethod.java:41)
	at org.junit.internal.runners.statements.InvokeMethod.evaluate(InvokeMethod.java:20)
	at org.junit.runners.BlockJUnit4ClassRunner.runChild(BlockJUnit4ClassRunner.java:76)
	at org.junit.runners.BlockJUnit4ClassRunner.runChild(BlockJUnit4ClassRunner.java:50)
	at org.junit.runners.ParentRunner$3.run(ParentRunner.java:193)
	at org.junit.runners.ParentRunner$1.schedule(ParentRunner.java:52)
	at org.junit.runners.ParentRunner.runChildren(ParentRunner.java:191)
	at org.junit.runners.ParentRunner.access$000(ParentRunner.java:42)
	at org.junit.runners.ParentRunner$2.evaluate(ParentRunner.java:184)
	at org.junit.runners.ParentRunner.run(ParentRunner.java:236)
	at org.eclipse.jdt.internal.junit4.runner.JUnit4TestReference.run(JUnit4TestReference.java:49)
	at org.eclipse.jdt.internal.junit.runner.TestExecution.run(TestExecution.java:38)
	at org.eclipse.jdt.internal.junit.runner.RemoteTestRunner.runTests(RemoteTestRunner.java:467)
	at org.eclipse.jdt.internal.junit.runner.RemoteTestRunner.runTests(RemoteTestRunner.java:683)
	at org.eclipse.jdt.internal.junit.runner.RemoteTestRunner.run(RemoteTestRunner.java:390)
	at org.eclipse.jdt.internal.junit.runner.RemoteTestRunner.main(RemoteTestRunner.java:197)

</error>
    </testcase>
    <testcase name="split_ShouldReturnArrayWithTheInputStringAsOnlyElement" classname="at.chainlet.rse.core.utils.StringSplitter_Test" time="0.0">
      <error>java.lang.NullPointerException
	at at.chainlet.rse.core.utils.StringSplitter_Test.split_ShouldReturnArrayWithTheInputStringAsOnlyElement(StringSplitter_Test.java:52)
	at sun.reflect.NativeMethodAccessorImpl.invoke0(Native Method)
	at sun.reflect.NativeMethodAccessorImpl.invoke(Unknown Source)
	at sun.reflect.DelegatingMethodAccessorImpl.invoke(Unknown Source)
	at java.lang.reflect.Method.invoke(Unknown Source)
	at org.junit.runners.model.FrameworkMethod$1.runReflectiveCall(FrameworkMethod.java:44)
	at org.junit.internal.runners.model.ReflectiveCallable.run(ReflectiveCallable.java:15)
	at org.junit.runners.model.FrameworkMethod.invokeExplosively(FrameworkMethod.java:41)
	at org.junit.internal.runners.statements.InvokeMethod.evaluate(InvokeMethod.java:20)
	at org.junit.runners.BlockJUnit4ClassRunner.runChild(BlockJUnit4ClassRunner.java:76)
	at org.junit.runners.BlockJUnit4ClassRunner.runChild(BlockJUnit4ClassRunner.java:50)
	at org.junit.runners.ParentRunner$3.run(ParentRunner.java:193)
	at org.junit.runners.ParentRunner$1.schedule(ParentRunner.java:52)
	at org.junit.runners.ParentRunner.runChildren(ParentRunner.java:191)
	at org.junit.runners.ParentRunner.access$000(ParentRunner.java:42)
	at org.junit.runners.ParentRunner$2.evaluate(ParentRunner.java:184)
	at org.junit.runners.ParentRunner.run(ParentRunner.java:236)
	at org.eclipse.jdt.internal.junit4.runner.JUnit4TestReference.run(JUnit4TestReference.java:49)
	at org.eclipse.jdt.internal.junit.runner.TestExecution.run(TestExecution.java:38)
	at org.eclipse.jdt.internal.junit.runner.RemoteTestRunner.runTests(RemoteTestRunner.java:467)
	at org.eclipse.jdt.internal.junit.runner.RemoteTestRunner.runTests(RemoteTestRunner.java:683)
	at org.eclipse.jdt.internal.junit.runner.RemoteTestRunner.run(RemoteTestRunner.java:390)
	at org.eclipse.jdt.internal.junit.runner.RemoteTestRunner.main(RemoteTestRunner.java:197)

</error>
    </testcase>
    <testcase name="split_ShouldReturnArrayWithTheSplittedWords" classname="at.chainlet.rse.core.utils.StringSplitter_Test" time="0.001">
      <error>java.lang.NullPointerException
	at at.chainlet.rse.core.utils.StringSplitter_Test.split_ShouldReturnArrayWithTheSplittedWords(StringSplitter_Test.java:59)
	at sun.reflect.NativeMethodAccessorImpl.invoke0(Native Method)
	at sun.reflect.NativeMethodAccessorImpl.invoke(Unknown Source)
	at sun.reflect.DelegatingMethodAccessorImpl.invoke(Unknown Source)
	at java.lang.reflect.Method.invoke(Unknown Source)
	at org.junit.runners.model.FrameworkMethod$1.runReflectiveCall(FrameworkMethod.java:44)
	at org.junit.internal.runners.model.ReflectiveCallable.run(ReflectiveCallable.java:15)
	at org.junit.runners.model.FrameworkMethod.invokeExplosively(FrameworkMethod.java:41)
	at org.junit.internal.runners.statements.InvokeMethod.evaluate(InvokeMethod.java:20)
	at org.junit.runners.BlockJUnit4ClassRunner.runChild(BlockJUnit4ClassRunner.java:76)
	at org.junit.runners.BlockJUnit4ClassRunner.runChild(BlockJUnit4ClassRunner.java:50)
	at org.junit.runners.ParentRunner$3.run(ParentRunner.java:193)
	at org.junit.runners.ParentRunner$1.schedule(ParentRunner.java:52)
	at org.junit.runners.ParentRunner.runChildren(ParentRunner.java:191)
	at org.junit.runners.ParentRunner.access$000(ParentRunner.java:42)
	at org.junit.runners.ParentRunner$2.evaluate(ParentRunner.java:184)
	at org.junit.runners.ParentRunner.run(ParentRunner.java:236)
	at org.eclipse.jdt.internal.junit4.runner.JUnit4TestReference.run(JUnit4TestReference.java:49)
	at org.eclipse.jdt.internal.junit.runner.TestExecution.run(TestExecution.java:38)
	at org.eclipse.jdt.internal.junit.runner.RemoteTestRunner.runTests(RemoteTestRunner.java:467)
	at org.eclipse.jdt.internal.junit.runner.RemoteTestRunner.runTests(RemoteTestRunner.java:683)
	at org.eclipse.jdt.internal.junit.runner.RemoteTestRunner.run(RemoteTestRunner.java:390)
	at org.eclipse.jdt.internal.junit.runner.RemoteTestRunner.main(RemoteTestRunner.java:197)

</error>
    </testcase>
    <testcase name="split_ShouldReturnArrayWithTheSplittedWordsAndSpacesOnOtherDelimiterChar" classname="at.chainlet.rse.core.utils.StringSplitter_Test" time="0.0">
      <error>java.lang.NullPointerException
	at at.chainlet.rse.core.utils.StringSplitter_Test.split_ShouldReturnArrayWithTheSplittedWordsAndSpacesOnOtherDelimiterChar(StringSplitter_Test.java:66)
	at sun.reflect.NativeMethodAccessorImpl.invoke0(Native Method)
	at sun.reflect.NativeMethodAccessorImpl.invoke(Unknown Source)
	at sun.reflect.DelegatingMethodAccessorImpl.invoke(Unknown Source)
	at java.lang.reflect.Method.invoke(Unknown Source)
	at org.junit.runners.model.FrameworkMethod$1.runReflectiveCall(FrameworkMethod.java:44)
	at org.junit.internal.runners.model.ReflectiveCallable.run(ReflectiveCallable.java:15)
	at org.junit.runners.model.FrameworkMethod.invokeExplosively(FrameworkMethod.java:41)
	at org.junit.internal.runners.statements.InvokeMethod.evaluate(InvokeMethod.java:20)
	at org.junit.runners.BlockJUnit4ClassRunner.runChild(BlockJUnit4ClassRunner.java:76)
	at org.junit.runners.BlockJUnit4ClassRunner.runChild(BlockJUnit4ClassRunner.java:50)
	at org.junit.runners.ParentRunner$3.run(ParentRunner.java:193)
	at org.junit.runners.ParentRunner$1.schedule(ParentRunner.java:52)
	at org.junit.runners.ParentRunner.runChildren(ParentRunner.java:191)
	at org.junit.runners.ParentRunner.access$000(ParentRunner.java:42)
	at org.junit.runners.ParentRunner$2.evaluate(ParentRunner.java:184)
	at org.junit.runners.ParentRunner.run(ParentRunner.java:236)
	at org.eclipse.jdt.internal.junit4.runner.JUnit4TestReference.run(JUnit4TestReference.java:49)
	at org.eclipse.jdt.internal.junit.runner.TestExecution.run(TestExecution.java:38)
	at org.eclipse.jdt.internal.junit.runner.RemoteTestRunner.runTests(RemoteTestRunner.java:467)
	at org.eclipse.jdt.internal.junit.runner.RemoteTestRunner.runTests(RemoteTestRunner.java:683)
	at org.eclipse.jdt.internal.junit.runner.RemoteTestRunner.run(RemoteTestRunner.java:390)
	at org.eclipse.jdt.internal.junit.runner.RemoteTestRunner.main(RemoteTestRunner.java:197)

</error>
    </testcase>
  </testsuite>
  <testsuite name="at.chainlet.rse.core.WordStatusObserverExchanger_Test" time="0.022">
    <testcase name="allObserversGetCalled" classname="at.chainlet.rse.core.WordStatusObserverExchanger_Test" time="0.009"/>
    <testcase name="removedObserverDontGetCalled" classname="at.chainlet.rse.core.WordStatusObserverExchanger_Test" time="0.007"/>
    <testcase name="notifyCallShouldDeliverTheWordWhichHasFinished" classname="at.chainlet.rse.core.WordStatusObserverExchanger_Test" time="0.001"/>
    <testcase name="notifyCallShouldDeliverTheLastWordWhichHasFinished" classname="at.chainlet.rse.core.WordStatusObserverExchanger_Test" time="0.005"/>
  </testsuite>
  <testsuite name="at.chainlet.rse.core.Dictionary_Tests" time="0.005">
    <testcase name="addNullWordShouldThrowIllegalArgumentException" classname="at.chainlet.rse.core.Dictionary_Tests" time="0.0"/>
    <testcase name="addNamelesWordShouldThrowRSEInvalidStateException" classname="at.chainlet.rse.core.Dictionary_Tests" time="0.0"/>
    <testcase name="containsShouldReturnTrueIfWordExists" classname="at.chainlet.rse.core.Dictionary_Tests" time="0.0"/>
    <testcase name="containsShouldReturnFalseIfWordDoesntExist1" classname="at.chainlet.rse.core.Dictionary_Tests" time="0.001"/>
    <testcase name="containsShouldReturnFalseIfWordDoesntExist2" classname="at.chainlet.rse.core.Dictionary_Tests" time="0.0"/>
    <testcase name="containsShouldThrowIllegalArgumentException" classname="at.chainlet.rse.core.Dictionary_Tests" time="0.0"/>
    <testcase name="containsShouldThrowRSEInvalidStateExceptionOnEmptyName" classname="at.chainlet.rse.core.Dictionary_Tests" time="0.0"/>
    <testcase name="getShouldReturnNullOnUnknownName" classname="at.chainlet.rse.core.Dictionary_Tests" time="0.0"/>
    <testcase name="getShouldReturnTheWordWithTheGivenName" classname="at.chainlet.rse.core.Dictionary_Tests" time="0.0"/>
    <testcase name="getShouldReturnTheLatestWord" classname="at.chainlet.rse.core.Dictionary_Tests" time="0.003"/>
    <testcase name="setOlderVersionOfTwiceShouldReturnTheThirdLatestVersion" classname="at.chainlet.rse.core.Dictionary_Tests" time="0.0"/>
    <testcase name="setOlderVersionShouldReturnFalseIfThereNotThatManyOldVersions" classname="at.chainlet.rse.core.Dictionary_Tests" time="0.0"/>
    <testcase name="setOlderVersionShouldReturnTrueIfItWorked" classname="at.chainlet.rse.core.Dictionary_Tests" time="0.001"/>
  </testsuite>
  <testsuite name="at.chainlet.rse.core.RudimentaryStackVM_Test" time="0.009">
    <testcase name="pollNextTerm_ShouldExecuteTermAsWordIfItsInTheLibrary" classname="at.chainlet.rse.core.RudimentaryStackVM_Test" time="0.008">
      <failure>java.lang.AssertionError: 
Expected: is &lt;false&gt;
     got: &lt;true&gt;

	at org.junit.Assert.assertThat(Assert.java:778)
	at org.junit.Assert.assertThat(Assert.java:736)
	at at.chainlet.rse.core.RudimentaryStackVM_Test.pollNextTerm_ShouldExecuteTermAsWordIfItsInTheLibrary(RudimentaryStackVM_Test.java:22)
	at sun.reflect.NativeMethodAccessorImpl.invoke0(Native Method)
	at sun.reflect.NativeMethodAccessorImpl.invoke(Unknown Source)
	at sun.reflect.DelegatingMethodAccessorImpl.invoke(Unknown Source)
	at java.lang.reflect.Method.invoke(Unknown Source)
	at org.junit.runners.model.FrameworkMethod$1.runReflectiveCall(FrameworkMethod.java:44)
	at org.junit.internal.runners.model.ReflectiveCallable.run(ReflectiveCallable.java:15)
	at org.junit.runners.model.FrameworkMethod.invokeExplosively(FrameworkMethod.java:41)
	at org.junit.internal.runners.statements.InvokeMethod.evaluate(InvokeMethod.java:20)
	at org.junit.runners.BlockJUnit4ClassRunner.runChild(BlockJUnit4ClassRunner.java:76)
	at org.junit.runners.BlockJUnit4ClassRunner.runChild(BlockJUnit4ClassRunner.java:50)
	at org.junit.runners.ParentRunner$3.run(ParentRunner.java:193)
	at org.junit.runners.ParentRunner$1.schedule(ParentRunner.java:52)
	at org.junit.runners.ParentRunner.runChildren(ParentRunner.java:191)
	at org.junit.runners.ParentRunner.access$000(ParentRunner.java:42)
	at org.junit.runners.ParentRunner$2.evaluate(ParentRunner.java:184)
	at org.junit.runners.ParentRunner.run(ParentRunner.java:236)
	at org.eclipse.jdt.internal.junit4.runner.JUnit4TestReference.run(JUnit4TestReference.java:49)
	at org.eclipse.jdt.internal.junit.runner.TestExecution.run(TestExecution.java:38)
	at org.eclipse.jdt.internal.junit.runner.RemoteTestRunner.runTests(RemoteTestRunner.java:467)
	at org.eclipse.jdt.internal.junit.runner.RemoteTestRunner.runTests(RemoteTestRunner.java:683)
	at org.eclipse.jdt.internal.junit.runner.RemoteTestRunner.run(RemoteTestRunner.java:390)
	at org.eclipse.jdt.internal.junit.runner.RemoteTestRunner.main(RemoteTestRunner.java:197)

</failure>
    </testcase>
    <testcase name="parse_ShouldSplitTheStringBySpacesAndPutThemAsSingleTermsInTheTermQueue" classname="at.chainlet.rse.core.RudimentaryStackVM_Test" time="0.001">
      <failure>java.lang.AssertionError: 
Expected: is "   "
     got: null

	at org.junit.Assert.assertThat(Assert.java:778)
	at org.junit.Assert.assertThat(Assert.java:736)
	at at.chainlet.rse.core.RudimentaryStackVM_Test.parse_ShouldSplitTheStringBySpacesAndPutThemAsSingleTermsInTheTermQueue(RudimentaryStackVM_Test.java:40)
	at sun.reflect.NativeMethodAccessorImpl.invoke0(Native Method)
	at sun.reflect.NativeMethodAccessorImpl.invoke(Unknown Source)
	at sun.reflect.DelegatingMethodAccessorImpl.invoke(Unknown Source)
	at java.lang.reflect.Method.invoke(Unknown Source)
	at org.junit.runners.model.FrameworkMethod$1.runReflectiveCall(FrameworkMethod.java:44)
	at org.junit.internal.runners.model.ReflectiveCallable.run(ReflectiveCallable.java:15)
	at org.junit.runners.model.FrameworkMethod.invokeExplosively(FrameworkMethod.java:41)
	at org.junit.internal.runners.statements.InvokeMethod.evaluate(InvokeMethod.java:20)
	at org.junit.runners.BlockJUnit4ClassRunner.runChild(BlockJUnit4ClassRunner.java:76)
	at org.junit.runners.BlockJUnit4ClassRunner.runChild(BlockJUnit4ClassRunner.java:50)
	at org.junit.runners.ParentRunner$3.run(ParentRunner.java:193)
	at org.junit.runners.ParentRunner$1.schedule(ParentRunner.java:52)
	at org.junit.runners.ParentRunner.runChildren(ParentRunner.java:191)
	at org.junit.runners.ParentRunner.access$000(ParentRunner.java:42)
	at org.junit.runners.ParentRunner$2.evaluate(ParentRunner.java:184)
	at org.junit.runners.ParentRunner.run(ParentRunner.java:236)
	at org.eclipse.jdt.internal.junit4.runner.JUnit4TestReference.run(JUnit4TestReference.java:49)
	at org.eclipse.jdt.internal.junit.runner.TestExecution.run(TestExecution.java:38)
	at org.eclipse.jdt.internal.junit.runner.RemoteTestRunner.runTests(RemoteTestRunner.java:467)
	at org.eclipse.jdt.internal.junit.runner.RemoteTestRunner.runTests(RemoteTestRunner.java:683)
	at org.eclipse.jdt.internal.junit.runner.RemoteTestRunner.run(RemoteTestRunner.java:390)
	at org.eclipse.jdt.internal.junit.runner.RemoteTestRunner.main(RemoteTestRunner.java:197)

</failure>
    </testcase>
  </testsuite>
</testrun>
