<?xml version="1.0" encoding="UTF-8"?>
<testrun name="tests" project="RSE" tests="51" started="51" failures="1" errors="0" ignored="0">
  <testsuite name="at.chainlet.rse.core.JournalingWordList_Test" time="0.012">
    <testcase name="emptyListShouldReturnFalseOnHasOlderVersions" classname="at.chainlet.rse.core.JournalingWordList_Test" time="0.0"/>
    <testcase name="emptyListShouldReturnFalseOnHasNewerVersions" classname="at.chainlet.rse.core.JournalingWordList_Test" time="0.001"/>
    <testcase name="notEmptyListShouldReturnTrueOnHasOlderVersions" classname="at.chainlet.rse.core.JournalingWordList_Test" time="0.001"/>
    <testcase name="getCurrentVersionShouldReturnSecondVersion" classname="at.chainlet.rse.core.JournalingWordList_Test" time="0.0"/>
    <testcase name="getCurrentVersionShouldReturnFirstVersion" classname="at.chainlet.rse.core.JournalingWordList_Test" time="0.0"/>
    <testcase name="goBackInJournalShouldReturnFalseInEmptyWordList" classname="at.chainlet.rse.core.JournalingWordList_Test" time="0.0"/>
    <testcase name="goBackInJournalShouldReturnFalseInNewWordList" classname="at.chainlet.rse.core.JournalingWordList_Test" time="0.0"/>
    <testcase name="goForthInJournalShouldReturnFalseIfTheCurrentIsTheLatest" classname="at.chainlet.rse.core.JournalingWordList_Test" time="0.0"/>
    <testcase name="goForthInJournalInEmptyWordListShouldReturnFalse" classname="at.chainlet.rse.core.JournalingWordList_Test" time="0.0"/>
    <testcase name="goForthInJournalShouldReturnLatestAfterGoBackOnce" classname="at.chainlet.rse.core.JournalingWordList_Test" time="0.0"/>
    <testcase name="currentShouldReturnLatestEntryAfterRemovingEntries" classname="at.chainlet.rse.core.JournalingWordList_Test" time="0.0"/>
    <testcase name="currentShouldReturnFirstIfItsCalledToManyTimes" classname="at.chainlet.rse.core.JournalingWordList_Test" time="0.01"/>
  </testsuite>
  <testsuite name="at.chainlet.rse.core.Library_Tests" time="0.05">
    <testcase name="prioritizeShouldCreateDictOnNotExistingNamesInNotEmptyDict" classname="at.chainlet.rse.core.Library_Tests" time="0.0"/>
    <testcase name="prioritizeShouldCreateDictOnNotExistingNamesInEmptyDict" classname="at.chainlet.rse.core.Library_Tests" time="0.0"/>
    <testcase name="prioritizeShouldPrioritizeExistingDict" classname="at.chainlet.rse.core.Library_Tests" time="0.0"/>
    <testcase name="addShouldTrowIllegalArgumentExceptionOnNullValue" classname="at.chainlet.rse.core.Library_Tests" time="0.0"/>
    <testcase name="createDictionaryShouldThrowIllegalArgumentExceptionOnEmptyName" classname="at.chainlet.rse.core.Library_Tests" time="0.0"/>
    <testcase name="createDictionaryShouldThrowIllegalArgumentExceptionOnNullValue" classname="at.chainlet.rse.core.Library_Tests" time="0.0"/>
    <testcase name="getWorkingDictionaryShouldReturnNullInEmptyLibrary" classname="at.chainlet.rse.core.Library_Tests" time="0.0"/>
    <testcase name="getWorkingDictionaryShouldReturnLatestDict" classname="at.chainlet.rse.core.Library_Tests" time="0.0"/>
    <testcase name="wordExistsShouldReturnFalseOnNotExistingWord" classname="at.chainlet.rse.core.Library_Tests" time="0.0"/>
    <testcase name="wordExistsShouldReturnTrueOnExistingWordAndOnlyTheNameAsParameter" classname="at.chainlet.rse.core.Library_Tests" time="0.01"/>
    <testcase name="wordExistsShouldReturnTrueOnExistingWordWithNamespaceAndNameAsParameter" classname="at.chainlet.rse.core.Library_Tests" time="0.01"/>
    <testcase name="getWordShouldReturnLatestWordWithName" classname="at.chainlet.rse.core.Library_Tests" time="0.0"/>
    <testcase name="getWordShouldReturnWordFromTheChoosenDictionary" classname="at.chainlet.rse.core.Library_Tests" time="0.0"/>
    <testcase name="getWordShouldReturnNullForNotExistingName" classname="at.chainlet.rse.core.Library_Tests" time="0.02"/>
    <testcase name="getWordShouldReturnNullForNotExistingNameInGivenNamespaceWordName" classname="at.chainlet.rse.core.Library_Tests" time="0.01"/>
  </testsuite>
  <testsuite name="at.chainlet.rse.core.utils.StringSplitter_Test" time="0.02">
    <testcase name="split_ShouldReturnEmptyArrayOnNull" classname="at.chainlet.rse.core.utils.StringSplitter_Test" time="0.01"/>
    <testcase name="split_ShouldReturnArrayWithTheInputStringAsOnlyElement" classname="at.chainlet.rse.core.utils.StringSplitter_Test" time="0.0"/>
    <testcase name="split_ShouldReturnArrayWithTheSplittedWords" classname="at.chainlet.rse.core.utils.StringSplitter_Test" time="0.01"/>
    <testcase name="split_ShouldReturnArrayWithTheSplittedWordsAndSpacesOnOtherDelimiterChar" classname="at.chainlet.rse.core.utils.StringSplitter_Test" time="0.0"/>
    <testcase name="split_ShouldReactProperToTheDifferentDelimiterSequencesLengths" classname="at.chainlet.rse.core.utils.StringSplitter_Test" time="0.0"/>
  </testsuite>
  <testsuite name="at.chainlet.rse.core.WordStatusObserverExchanger_Test" time="0.03">
    <testcase name="allObserversGetCalled" classname="at.chainlet.rse.core.WordStatusObserverExchanger_Test" time="0.01"/>
    <testcase name="removedObserverDontGetCalled" classname="at.chainlet.rse.core.WordStatusObserverExchanger_Test" time="0.0"/>
    <testcase name="notifyCallShouldDeliverTheWordWhichHasFinished" classname="at.chainlet.rse.core.WordStatusObserverExchanger_Test" time="0.0"/>
    <testcase name="notifyCallShouldDeliverTheLastWordWhichHasFinished" classname="at.chainlet.rse.core.WordStatusObserverExchanger_Test" time="0.02"/>
  </testsuite>
  <testsuite name="at.chainlet.rse.core.Dictionary_Tests" time="0.0">
    <testcase name="addNullWordShouldThrowIllegalArgumentException" classname="at.chainlet.rse.core.Dictionary_Tests" time="0.0"/>
    <testcase name="addNamelesWordShouldThrowRSEInvalidStateException" classname="at.chainlet.rse.core.Dictionary_Tests" time="0.0"/>
    <testcase name="containsShouldReturnTrueIfWordExists" classname="at.chainlet.rse.core.Dictionary_Tests" time="0.0"/>
    <testcase name="containsShouldReturnFalseIfWordDoesntExist1" classname="at.chainlet.rse.core.Dictionary_Tests" time="0.0"/>
    <testcase name="containsShouldReturnFalseIfWordDoesntExist2" classname="at.chainlet.rse.core.Dictionary_Tests" time="0.0"/>
    <testcase name="containsShouldThrowIllegalArgumentException" classname="at.chainlet.rse.core.Dictionary_Tests" time="0.0"/>
    <testcase name="containsShouldThrowRSEInvalidStateExceptionOnEmptyName" classname="at.chainlet.rse.core.Dictionary_Tests" time="0.0"/>
    <testcase name="getShouldReturnNullOnUnknownName" classname="at.chainlet.rse.core.Dictionary_Tests" time="0.0"/>
    <testcase name="getShouldReturnTheWordWithTheGivenName" classname="at.chainlet.rse.core.Dictionary_Tests" time="0.0"/>
    <testcase name="getShouldReturnTheLatestWord" classname="at.chainlet.rse.core.Dictionary_Tests" time="0.0"/>
    <testcase name="setOlderVersionOfTwiceShouldReturnTheThirdLatestVersion" classname="at.chainlet.rse.core.Dictionary_Tests" time="0.0"/>
    <testcase name="setOlderVersionShouldReturnFalseIfThereNotThatManyOldVersions" classname="at.chainlet.rse.core.Dictionary_Tests" time="0.0"/>
    <testcase name="setOlderVersionShouldReturnTrueIfItWorked" classname="at.chainlet.rse.core.Dictionary_Tests" time="0.0"/>
  </testsuite>
  <testsuite name="at.chainlet.rse.core.RudimentaryStackVM_Test" time="0.01">
    <testcase name="pollNextTerm_ShouldExecuteTermAsWordIfItsInTheLibrary" classname="at.chainlet.rse.core.RudimentaryStackVM_Test" time="0.01"/>
    <testcase name="parse_ShouldSplitTheStringBySpacesAndPutThemAsSingleTermsInTheTermQueue" classname="at.chainlet.rse.core.RudimentaryStackVM_Test" time="0.0">
      <failure>java.lang.AssertionError: 
Expected: is "123"
     got: "#as"

	at org.junit.Assert.assertThat(Assert.java:778)
	at org.junit.Assert.assertThat(Assert.java:736)
	at at.chainlet.rse.core.RudimentaryStackVM_Test.parse_ShouldSplitTheStringBySpacesAndPutThemAsSingleTermsInTheTermQueue(RudimentaryStackVM_Test.java:41)
	at sun.reflect.NativeMethodAccessorImpl.invoke0(Native Method)
	at sun.reflect.NativeMethodAccessorImpl.invoke(Unknown Source)
	at sun.reflect.DelegatingMethodAccessorImpl.invoke(Unknown Source)
	at java.lang.reflect.Method.invoke(Unknown Source)
	at org.junit.runners.model.FrameworkMethod$1.runReflectiveCall(FrameworkMethod.java:44)
	at org.junit.internal.runners.model.ReflectiveCallable.run(ReflectiveCallable.java:15)
	at org.junit.runners.model.FrameworkMethod.invokeExplosively(FrameworkMethod.java:41)
	at org.junit.internal.runners.statements.InvokeMethod.evaluate(InvokeMethod.java:20)
	at org.junit.runners.BlockJUnit4ClassRunner.runChild(BlockJUnit4ClassRunner.java:76)
	at org.junit.runners.BlockJUnit4ClassRunner.runChild(BlockJUnit4ClassRunner.java:50)
	at org.junit.runners.ParentRunner$3.run(ParentRunner.java:193)
	at org.junit.runners.ParentRunner$1.schedule(ParentRunner.java:52)
	at org.junit.runners.ParentRunner.runChildren(ParentRunner.java:191)
	at org.junit.runners.ParentRunner.access$000(ParentRunner.java:42)
	at org.junit.runners.ParentRunner$2.evaluate(ParentRunner.java:184)
	at org.junit.runners.ParentRunner.run(ParentRunner.java:236)
	at org.eclipse.jdt.internal.junit4.runner.JUnit4TestReference.run(JUnit4TestReference.java:49)
	at org.eclipse.jdt.internal.junit.runner.TestExecution.run(TestExecution.java:38)
	at org.eclipse.jdt.internal.junit.runner.RemoteTestRunner.runTests(RemoteTestRunner.java:467)
	at org.eclipse.jdt.internal.junit.runner.RemoteTestRunner.runTests(RemoteTestRunner.java:683)
	at org.eclipse.jdt.internal.junit.runner.RemoteTestRunner.run(RemoteTestRunner.java:390)
	at org.eclipse.jdt.internal.junit.runner.RemoteTestRunner.main(RemoteTestRunner.java:197)

</failure>
    </testcase>
  </testsuite>
</testrun>
